app/build/outputs/logs/manifest-merger-debug-report.txt
-- Merging decision tree log ---
manifest
ADDED from src/main/AndroidManifest.xml:2:1-73:12
	package
		ADDED from src/main/AndroidManifest.xml:3:5-44
		INJECTED from src/main/AndroidManifest.xml
		INJECTED from src/main/AndroidManifest.xml
	android:versionName
		INJECTED from src/main/AndroidManifest.xml
		INJECTED from src/main/AndroidManifest.xml
	xmlns:android
		ADDED from src/main/AndroidManifest.xml:2:11-69
	android:versionCode
		INJECTED from src/main/AndroidManifest.xml
		INJECTED from src/main/AndroidManifest.xml
uses-permission#android.permission.CAMERA
ADDED from src/main/AndroidManifest.xml:5:5-65
	android:name
		ADDED from src/main/AndroidManifest.xml:5:22-62
uses-permission#android.permission.CHANGE_WIFI_STATE
ADDED from src/main/AndroidManifest.xml:6:5-76
	android:name
		ADDED from src/main/AndroidManifest.xml:6:22-73
uses-permission#android.permission.WRITE_EXTERNAL_STORAGE
ADDED from src/main/AndroidManifest.xml:7:5-81
	android:name
		ADDED from src/main/AndroidManifest.xml:7:22-78
uses-feature#android.hardware.camera
ADDED from src/main/AndroidManifest.xml:9:5-60
	android:name
		ADDED from src/main/AndroidManifest.xml:9:19-57
uses-feature#android.hardware.camera.autofocus
ADDED from src/main/AndroidManifest.xml:10:5-70
	android:name
		ADDED from src/main/AndroidManifest.xml:10:19-67
uses-permission#android.permission.INTERNET
ADDED from src/main/AndroidManifest.xml:12:5-67
	android:name
		ADDED from src/main/AndroidManifest.xml:12:22-64
uses-permission#android.permission.VIBRATE
ADDED from src/main/AndroidManifest.xml:13:5-66
	android:name
		ADDED from src/main/AndroidManifest.xml:13:22-63
uses-permission#android.permission.ACCESS_NETWORK_STATE
ADDED from src/main/AndroidManifest.xml:14:5-79
	android:name
		ADDED from src/main/AndroidManifest.xml:14:22-76
uses-permission#android.permission.READ_EXTERNAL_STORAGE
ADDED from src/main/AndroidManifest.xml:16:5-80
	android:name
		ADDED from src/main/AndroidManifest.xml:16:22-77
uses-permission#android.permission.GET_ACCOUNTS
ADDED from src/main/AndroidManifest.xml:17:5-71
	android:name
		ADDED from src/main/AndroidManifest.xml:17:22-68
uses-permission#android.permission.WAKE_LOCK
ADDED from src/main/AndroidManifest.xml:18:5-68
	android:name
		ADDED from src/main/AndroidManifest.xml:18:22-65
uses-permission#com.google.android.c2dm.permission.RECEIVE
ADDED from src/main/AndroidManifest.xml:19:5-82
	android:name
		ADDED from src/main/AndroidManifest.xml:19:22-79
uses-permission#android.permission.ACCESS_COARSE_LOCATION
ADDED from src/main/AndroidManifest.xml:20:5-81
	android:name
		ADDED from src/main/AndroidManifest.xml:20:22-78
uses-permission#android.permission.ACCESS_FINE_LOCATION
ADDED from src/main/AndroidManifest.xml:21:5-79
	android:name
		ADDED from src/main/AndroidManifest.xml:21:22-76
uses-permission#android.permission.BLUETOOTH
ADDED from src/main/AndroidManifest.xml:22:5-68
	android:name
		ADDED from src/main/AndroidManifest.xml:22:22-65
uses-permission#android.permission.BLUETOOTH_ADMIN
ADDED from src/main/AndroidManifest.xml:23:5-74
	android:name
		ADDED from src/main/AndroidManifest.xml:23:22-71
uses-feature#android.hardware.bluetooth_le
ADDED from src/main/AndroidManifest.xml:25:5-27:35
	android:required
		ADDED from src/main/AndroidManifest.xml:27:9-32
	android:name
		ADDED from src/main/AndroidManifest.xml:26:9-53
permission#com.syshuman.kadir.haircolor3.permission.C2D_MESSAGE
ADDED from src/main/AndroidManifest.xml:29:5-31:47
	android:protectionLevel
		ADDED from src/main/AndroidManifest.xml:31:9-44
	android:name
		ADDED from src/main/AndroidManifest.xml:30:9-76
uses-permission#com.syshuman.kadir.haircolor3.permission.C2D_MESSAGE
ADDED from src/main/AndroidManifest.xml:33:5-92
	android:name
		ADDED from src/main/AndroidManifest.xml:33:22-89
application
ADDED from src/main/AndroidManifest.xml:35:5-71:19
MERGED from [com.android.volley:volley:1.0.0] AndroidManifest.xml:9:5-20
MERGED from [com.android.support:design:25.3.0] AndroidManifest.xml:29:5-20
MERGED from [com.android.support:appcompat-v7:25.3.0] AndroidManifest.xml:29:5-20
MERGED from [com.android.support:animated-vector-drawable:25.3.0] AndroidManifest.xml:26:5-20
MERGED from [com.android.support:support-vector-drawable:25.3.0] AndroidManifest.xml:26:5-20
MERGED from [com.android.support:transition:25.3.0] AndroidManifest.xml:26:5-20
MERGED from [com.android.support:support-v4:25.3.0] AndroidManifest.xml:29:5-20
MERGED from [com.android.support:support-fragment:25.3.0] AndroidManifest.xml:29:5-20
MERGED from [com.android.support:support-media-compat:25.3.0] AndroidManifest.xml:29:5-20
MERGED from [com.android.support:support-core-ui:25.3.0] AndroidManifest.xml:29:5-20
MERGED from [com.android.support:support-core-utils:25.3.0] AndroidManifest.xml:29:5-20
MERGED from [com.android.support:support-compat:25.3.0] AndroidManifest.xml:29:5-20
MERGED from [com.android.support.constraint:constraint-layout:1.0.2] AndroidManifest.xml:9:5-20
	android:label
		ADDED from src/main/AndroidManifest.xml:38:9-41
	android:supportsRtl
		ADDED from src/main/AndroidManifest.xml:39:9-35
	android:allowBackup
		ADDED from src/main/AndroidManifest.xml:36:9-35
	android:icon
		ADDED from src/main/AndroidManifest.xml:37:9-45
	android:theme
		ADDED from src/main/AndroidManifest.xml:40:9-40
activity#com.syshuman.kadir.haircolor3.view.activities.BoardingActivity
ADDED from src/main/AndroidManifest.xml:41:9-50:20
	android:label
		ADDED from src/main/AndroidManifest.xml:43:13-60
	android:theme
		ADDED from src/main/AndroidManifest.xml:44:13-56
	android:name
		ADDED from src/main/AndroidManifest.xml:42:13-61
intent-filter#android.intent.action.MAIN+android.intent.category.LAUNCHER
ADDED from src/main/AndroidManifest.xml:45:13-49:29
action#android.intent.action.MAIN
ADDED from src/main/AndroidManifest.xml:46:17-69
	android:name
		ADDED from src/main/AndroidManifest.xml:46:25-66
category#android.intent.category.LAUNCHER
ADDED from src/main/AndroidManifest.xml:48:17-77
	android:name
		ADDED from src/main/AndroidManifest.xml:48:27-74
activity#com.syshuman.kadir.haircolor3.view.activities.MainActivity
ADDED from src/main/AndroidManifest.xml:51:9-54:59
	android:label
		ADDED from src/main/AndroidManifest.xml:53:13-45
	android:theme
		ADDED from src/main/AndroidManifest.xml:54:13-56
	android:name
		ADDED from src/main/AndroidManifest.xml:52:13-57
activity#com.syshuman.kadir.haircolor3.view.activities.DeviceActivity
ADDED from src/main/AndroidManifest.xml:55:9-58:59
	android:label
		ADDED from src/main/AndroidManifest.xml:57:13-58
	android:theme
		ADDED from src/main/AndroidManifest.xml:58:13-56
	android:name
		ADDED from src/main/AndroidManifest.xml:56:13-59
activity#com.syshuman.kadir.haircolor3.view.activities.TrainingActivity
ADDED from src/main/AndroidManifest.xml:59:9-62:59
	android:label
		ADDED from src/main/AndroidManifest.xml:61:13-59
	android:theme
		ADDED from src/main/AndroidManifest.xml:62:13-56
	android:name
		ADDED from src/main/AndroidManifest.xml:60:13-61
activity#com.syshuman.kadir.haircolor3.view.activities.SettingsActivity
ADDED from src/main/AndroidManifest.xml:63:9-66:59
	android:label
		ADDED from src/main/AndroidManifest.xml:65:13-60
	android:theme
		ADDED from src/main/AndroidManifest.xml:66:13-56
	android:name
		ADDED from src/main/AndroidManifest.xml:64:13-61
activity#com.syshuman.kadir.haircolor3.view.activities.AboutActivity
ADDED from src/main/AndroidManifest.xml:67:9-70:59
	android:label
		ADDED from src/main/AndroidManifest.xml:69:13-57
	android:theme
		ADDED from src/main/AndroidManifest.xml:70:13-56
	android:name
		ADDED from src/main/AndroidManifest.xml:68:13-58
uses-sdk
INJECTED from src/main/AndroidManifest.xml reason: use-sdk injection requested
MERGED from [com.android.volley:volley:1.0.0] AndroidManifest.xml:7:5-43
MERGED from [com.jakewharton:butterknife:8.8.1] AndroidManifest.xml:5:5-43
MERGED from [com.android.support:design:25.3.0] AndroidManifest.xml:21:5-23:62
MERGED from [com.android.support:appcompat-v7:25.3.0] AndroidManifest.xml:21:5-23:78
MERGED from [com.android.support:animated-vector-drawable:25.3.0] AndroidManifest.xml:20:5-44
MERGED from [com.android.support:support-vector-drawable:25.3.0] AndroidManifest.xml:20:5-43
MERGED from [com.android.support:recyclerview-v7:25.3.0] AndroidManifest.xml:20:5-43
MERGED from [com.android.support:transition:25.3.0] AndroidManifest.xml:20:5-44
MERGED from [com.android.support:support-v4:25.3.0] AndroidManifest.xml:21:5-23:54
MERGED from [com.android.support:support-fragment:25.3.0] AndroidManifest.xml:21:5-23:60
MERGED from [com.android.support:support-media-compat:25.3.0] AndroidManifest.xml:21:5-23:63
MERGED from [com.android.support:support-core-ui:25.3.0] AndroidManifest.xml:21:5-23:58
MERGED from [com.android.support:support-core-utils:25.3.0] AndroidManifest.xml:21:5-23:61
MERGED from [com.android.support:support-compat:25.3.0] AndroidManifest.xml:21:5-23:58
MERGED from [com.android.support.constraint:constraint-layout:1.0.2] AndroidManifest.xml:5:5-7:41
	tools:overrideLibrary
		ADDED from [com.android.support:design:25.3.0] AndroidManifest.xml:23:9-59
	android:targetSdkVersion
		INJECTED from src/main/AndroidManifest.xml
		INJECTED from src/main/AndroidManifest.xml
	android:minSdkVersion
		INJECTED from src/main/AndroidManifest.xml
		INJECTED from src/main/AndroidManifest.xml
meta-data#android.support.VERSION
ADDED from [com.android.support:design:25.3.0] AndroidManifest.xml:25:5-27:34
MERGED from [com.android.support:appcompat-v7:25.3.0] AndroidManifest.xml:25:5-27:34
MERGED from [com.android.support:animated-vector-drawable:25.3.0] AndroidManifest.xml:22:5-24:34
MERGED from [com.android.support:support-vector-drawable:25.3.0] AndroidManifest.xml:22:5-24:34
MERGED from [com.android.support:recyclerview-v7:25.3.0] AndroidManifest.xml:22:5-24:34
MERGED from [com.android.support:transition:25.3.0] AndroidManifest.xml:22:5-24:34
MERGED from [com.android.support:support-v4:25.3.0] AndroidManifest.xml:25:5-27:34
MERGED from [com.android.support:support-fragment:25.3.0] AndroidManifest.xml:25:5-27:34
MERGED from [com.android.support:support-media-compat:25.3.0] AndroidManifest.xml:25:5-27:34
MERGED from [com.android.support:support-core-ui:25.3.0] AndroidManifest.xml:25:5-27:34
MERGED from [com.android.support:support-core-utils:25.3.0] AndroidManifest.xml:25:5-27:34
MERGED from [com.android.support:support-compat:25.3.0] AndroidManifest.xml:25:5-27:34
	android:value
		ADDED from [com.android.support:design:25.3.0] AndroidManifest.xml:27:9-31
	android:name
		ADDED from [com.android.support:design:25.3.0] AndroidManifest.xml:26:9-47